<?xml version="1.0" encoding="UTF-8"?>
<!-- Generated by org.testng.reporters.JUnitXMLReporter -->
<testsuite ignored="1" hostname="LAPTOP-82PU0LMB" failures="1" tests="2" name="ErrorValidation" time="9.78" errors="0" timestamp="2022-09-13T13:15:52 IST">
  <testcase classname="rahulshettyacademy.tests.ErrorValidationsLogin" name="loginErrorValidation" time="0.445">
    <skipped/>
  </testcase> <!-- loginErrorValidation -->
  <testcase classname="rahulshettyacademy.tests.ErrorValidationsLogin" name="loginErrorValidation" time="0.354">
    <failure type="java.lang.AssertionError" message="expected [Incorrect email or password.] but found [Incorrect emai or password.]">
      <![CDATA[java.lang.AssertionError: expected [Incorrect email or password.] but found [Incorrect emai or password.]
at rahulshettyacademy.tests.ErrorValidationsLogin.loginErrorValidation(ErrorValidationsLogin.java:34)
at java.base/java.util.ArrayList.forEach(ArrayList.java:1541)
... Removed 33 stack frames]]>
    </failure>
  </testcase> <!-- loginErrorValidation -->
  <testcase classname="rahulshettyacademy.tests.ErrorValidationsLogin" name="productErrorValidation" time="0.0">
    <ignored/>
  </testcase> <!-- productErrorValidation -->
</testsuite> <!-- ErrorValidation -->
