<?xml version="1.0" encoding="UTF-8"?>
<!-- Generated by org.testng.reporters.JUnitXMLReporter -->
<testsuite ignored="2" hostname="LAPTOP-82PU0LMB" failures="0" tests="0" time="0.001" errors="0" timestamp="2022-09-13T13:15:52 IST">
  <testcase classname="rahulshettyacademy.tests.StandAlone2Actions" name="OrderHistoryPage" time="0.0">
    <ignored/>
  </testcase> <!-- OrderHistoryPage -->
  <testcase classname="rahulshettyacademy.tests.StandAlone2Actions" name="submitOrder" time="0.0">
    <ignored/>
  </testcase> <!-- submitOrder -->
</testsuite>
