<?xml version="1.0" encoding="UTF-8"?>
<!-- Generated by org.testng.reporters.JUnitXMLReporter -->
<testsuite ignored="1" hostname="LAPTOP-82PU0LMB" failures="0" tests="1" name="ErrorValidation" time="8.608" errors="0" timestamp="2022-09-14T16:02:31 IST">
  <testcase classname="rahulshettyacademy.tests.ErrorValidationsLogin" name="loginErrorValidation" time="0.434"/>
  <testcase classname="rahulshettyacademy.tests.ErrorValidationsLogin" name="productErrorValidation" time="0.0">
    <ignored/>
  </testcase> <!-- productErrorValidation -->
</testsuite> <!-- ErrorValidation -->
